\o Program:		@(#)$CDS: libManager version 6.1.8 - CAT37 01/17/2024 18:07 (csvcm36c-7) $
\o Sub version:		sub-version  s353 
\o Arguments:		-unmapped -mpssession virtuoso14645 -mpshost ccslvcbasselic 
\o Working Directory:	ccslvcbasselic:/home/al-labse15/SumadorBrentKung
\o 64-bit offsets
\o Qt version: 		5.9.1
\o MPS virtuoso types registered: 65
\o changeWorkingDir("/home/al-labse15/SumadorBrentKung") unnecessary.
\o ddSetForcedLib("") unnecessary.
\o Log file is "/home/al-labse15/SumadorBrentKung/libManager.log".
\o Opening libManager window.
\a nrSetWindowVisibility(cdsLibManager "show")
\o MPS service: map window
\o Library Manager customization server connected.
\w Warning: The directory: '/home/al-labse15/ExamenPrimerParcial' does not exist
\w 	but was defined in libFile '/home/al-labse15/cds.lib' for Lib 'ExamenPrimerParcial'.
\a nrResizeWindow(cdsLibManager list(0 23 1280 657))
\a nrSetCurrentWindow(cdsLibManager)
\a nrResizeWindow(cdsLibManager list(1282 36 636 1042))
\a nrSetCurrentWindow(cdsLibManager)
\a cdsLibManager->libListBox->value = "SumadorBrentKung"
\a cdsLibManager->libLineEdit->value = "SumadorBrentKung"
\a nrSetCurrentWindow(cdsLibManager)
\a nrSetCurrentWindow(cdsLibManager)
\a nrSetCurrentWindow(cdsLibManager)
\a nrSetCurrentWindow(cdsLibManager)
\a nrSetCurrentWindow(cdsLibManager)
\a cdsLibManager->cellListBox->value = "Sumador_BK_VIA0"
\a cdsLibManager->cellLineEdit->value = "Sumador_BK_VIA0"
\a cdsLibManager->viewListBox->value = "layout"
\a cdsLibManager->viewLineEdit->value = "layout"
\a cdsLibManager->viewListBox->value = nil
\a cdsLibManager->viewLineEdit->value = ""
\a cdsLibManager->viewListBox->value = "layout"
\a cdsLibManager->viewLineEdit->value = "layout"
\o MPS request: edit design
\a nrListItemAction(cdsLibManager->gdmXTView 0 1)
\a nrSetCurrentWindow(cdsLibManager)
\a cdsLibManager->libListBox->value = nil
\a cdsLibManager->libLineEdit->value = ""
\a cdsLibManager->cellListBox->value = nil
\a cdsLibManager->viewLineEdit->value = ""
\a cdsLibManager->viewListBox->value = nil
\a cdsLibManager->cellLineEdit->value = ""
\w Warning: The directory: '/home/al-labse15/ExamenPrimerParcial' does not exist
\w 	but was defined in libFile '/home/al-labse15/cds.lib' for Lib 'ExamenPrimerParcial'.
\a cdsLibManager->libListBox->value = "SumadorBrentKung"
\a cdsLibManager->libLineEdit->value = "SumadorBrentKung"
\a cdsLibManager->cellListBox->value = "Sumador_BK_VIA0"
\a cdsLibManager->cellLineEdit->value = "Sumador_BK_VIA0"
\a cdsLibManager->viewListBox->value = "layout"
\a cdsLibManager->viewLineEdit->value = "layout"
\a cdsLibManager->viewLineEdit->value = ""
\a cdsLibManager->viewListBox->value = nil
\a cdsLibManager->viewListBox->value = "layout"
\a cdsLibManager->viewLineEdit->value = "layout"
\a nrSetCurrentWindow(cdsLibManager)
\a cdsLibManager->viewLineEdit->value = ""
\a cdsLibManager->viewListBox->value = nil
\a lmgrLogShowPopup("mainListPopup1" 64 396 2 "Sumador_BK_VIA0")
\a cdsLibManager->editDeleteButton->value = t
\a deleteForm->deleteFilterEdit->value = "*"
\a deleteForm->notDeleteFilterEdit->value = "*"
\a nrSetWindowVisibility(deleteForm "show")
\a nrResizeWindow(deleteForm list(1277 305 627 425))
\a nrSetCurrentWindow(deleteForm)
\a nrSetCurrentWindow(cdsLibManager)
\a nrResizeWindow(deleteForm list(646 344 627 425))
\a nrSetCurrentWindow(deleteForm)
\a deleteForm->OK->value = t
\o QUESTION (CLM-199): The following 1 items are marked for deletion.  Are you sure?
\a nrSetWindowVisibility(mcMBXDLG "show")
\a nrSetCurrentWindow(mcMBXDLG)
\a nrResizeWindow(mcMBXDLG list(826 511 268 91))
\a nrSetCurrentWindow(mcMBXDLG)
\a mcMBXDLG->pushButton1->value = t
\o Deleting cell "Sumador_BK_VIA0" from library "SumadorBrentKung".
\a nrSetWindowVisibility(workingDialogForm "show")
\a nrResizeWindow(workingDialogForm list(1456 451 268 133))
\o Deleted cell 'SumadorBrentKung/Sumador_BK_VIA0'.
\a nrSetCurrentWindow(deleteForm)
\o Deletion of 1 cell done.
\a cdsLibManager->cellListBox->value = nil
\a cdsLibManager->cellLineEdit->value = ""
\a cdsLibManager->libListBox->value = nil
\a cdsLibManager->libLineEdit->value = ""
\w Warning: The directory: '/home/al-labse15/ExamenPrimerParcial' does not exist
\w 	but was defined in libFile '/home/al-labse15/cds.lib' for Lib 'ExamenPrimerParcial'.
\a cdsLibManager->libListBox->value = "SumadorBrentKung"
\a cdsLibManager->libLineEdit->value = "SumadorBrentKung"
\a nrSetCurrentWindow(workingDialogForm)
\a nrResizeWindow(workingDialogForm list(826 490 268 133))
\a nrResizeWindow(cdsLibManager list(1442 36 476 1042))
\a cdsLibManager->libListBox->value = nil
\a cdsLibManager->libLineEdit->value = ""
\w Warning: The directory: '/home/al-labse15/ExamenPrimerParcial' does not exist
\w 	but was defined in libFile '/home/al-labse15/cds.lib' for Lib 'ExamenPrimerParcial'.
\a cdsLibManager->libListBox->value = "SumadorBrentKung"
\a cdsLibManager->libLineEdit->value = "SumadorBrentKung"
\a cdsLibManager->libListBox->value = nil
\a cdsLibManager->libLineEdit->value = ""
\w Warning: The directory: '/home/al-labse15/ExamenPrimerParcial' does not exist
\w 	but was defined in libFile '/home/al-labse15/cds.lib' for Lib 'ExamenPrimerParcial'.
\a cdsLibManager->libListBox->value = "SumadorBrentKung"
\a cdsLibManager->libLineEdit->value = "SumadorBrentKung"
\a nrResizeWindow(cdsLibManager list(1538 36 380 1042))
\a nrResizeWindow(cdsLibManager list(1442 36 476 1042))
\a nrResizeWindow(cdsLibManager list(1282 36 636 1042))
\a nrResizeWindow(cdsLibManager list(1442 36 476 1042))
\a nrSetCurrentWindow(cdsLibManager)
\a nrSetCurrentWindow(cdsLibManager)
\a nrResizeWindow(cdsLibManager list(1282 36 636 1042))
\a cdsLibManager->cellListBox->value = "Sumador_BK_VIA0"
\a cdsLibManager->cellLineEdit->value = "Sumador_BK_VIA0"
\a cdsLibManager->viewListBox->value = "layout"
\a cdsLibManager->viewLineEdit->value = "layout"
\a cdsLibManager->viewLineEdit->value = ""
\a cdsLibManager->viewListBox->value = nil
\o MPS request: edit design
\a nrListItemAction(cdsLibManager->cellListBox 23 0)
\a cdsLibManager->libListBox->value = nil
\a cdsLibManager->libLineEdit->value = ""
\a cdsLibManager->cellLineEdit->value = ""
\a cdsLibManager->cellListBox->value = nil
\w Warning: The directory: '/home/al-labse15/ExamenPrimerParcial' does not exist
\w 	but was defined in libFile '/home/al-labse15/cds.lib' for Lib 'ExamenPrimerParcial'.
\a cdsLibManager->libListBox->value = "SumadorBrentKung"
\a cdsLibManager->libLineEdit->value = "SumadorBrentKung"
\a cdsLibManager->cellListBox->value = "Sumador_BK_VIA0"
\a cdsLibManager->cellLineEdit->value = "Sumador_BK_VIA0"
\a cdsLibManager->viewListBox->value = "layout"
\a cdsLibManager->viewLineEdit->value = "layout"
\a cdsLibManager->viewLineEdit->value = ""
\a cdsLibManager->viewListBox->value = nil
\a cdsLibManager->viewListBox->value = "layout"
\a cdsLibManager->viewLineEdit->value = "layout"
\a nrResizeWindow(cdsLibManager list(1442 36 476 1042))
\a nrSetCurrentWindow(cdsLibManager)
\a cdsLibManager->viewListBox->value = nil
\a cdsLibManager->viewLineEdit->value = ""
\a cdsLibManager->viewListBox->value = "layout"
\a cdsLibManager->viewLineEdit->value = "layout"
\o MPS request: edit design
\a nrListItemAction(cdsLibManager->gdmXTView 0 0)
\a nrResizeWindow(cdsLibManager list(1154 36 380 1042))
\a nrSetCurrentWindow(cdsLibManager)
\a nrSetCurrentWindow(cdsLibManager)
\a nrResizeWindow(cdsLibManager list(962 36 476 1042))
\a nrSetWindowVisibility(cdsLibManager "hide")
\a _lmgrCloseIconify("cdsLibManager" 1)
\a nrSetWindowVisibility(cdsLibManager "show")
\a nrSetCurrentWindow(cdsLibManager)
\a nrSetCurrentWindow(cdsLibManager)
\a nrSetCurrentWindow(cdsLibManager)
\a nrResizeWindow(cdsLibManager list(1282 36 636 1042))
\a cdsLibManager->cellListBox->value = "Sumador_BK"
\a cdsLibManager->cellLineEdit->value = "Sumador_BK"
\a cdsLibManager->viewLineEdit->value = ""
\a cdsLibManager->viewListBox->value = nil
\a cdsLibManager->viewListBox->value = "layout"
\a cdsLibManager->viewLineEdit->value = "layout"
\a cdsLibManager->viewListBox->value = nil
\a cdsLibManager->viewLineEdit->value = ""
\a cdsLibManager->viewListBox->value = "layout"
\a cdsLibManager->viewLineEdit->value = "layout"
\o MPS request: edit design
\a nrListItemAction(cdsLibManager->gdmXTView 1 0)
\a nrResizeWindow(cdsLibManager list(962 36 476 1042))
\a nrSetCurrentWindow(cdsLibManager)
\a cdsLibManager->viewListBox->value = "symbol"
\a cdsLibManager->viewLineEdit->value = "symbol"
\a cdsLibManager->viewListBox->value = "layout"
\a cdsLibManager->viewLineEdit->value = "layout"
\o MPS request: edit design
\a nrListItemAction(cdsLibManager->gdmXTView 1 0)
\a nrResizeWindow(cdsLibManager list(770 36 380 1042))
\a nrResizeWindow(cdsLibManager list(962 36 476 1042))
\a nrSetCurrentWindow(cdsLibManager)
\a nrResizeWindow(cdsLibManager list(1282 36 636 1042))
\a cdsLibManager->cellListBox->value = "M3_M2_viaC"
\a cdsLibManager->cellLineEdit->value = "M3_M2_viaC"
\a cdsLibManager->viewLineEdit->value = ""
\a cdsLibManager->viewListBox->value = nil
\a cdsLibManager->viewListBox->value = "layout"
\a cdsLibManager->viewLineEdit->value = "layout"
\a cdsLibManager->cellListBox->value = "M3_M2_via"
\a cdsLibManager->cellLineEdit->value = "M3_M2_via"
\a cdsLibManager->viewLineEdit->value = ""
\a cdsLibManager->viewListBox->value = nil
\a cdsLibManager->viewListBox->value = "layout"
\a cdsLibManager->viewLineEdit->value = "layout"
\a cdsLibManager->cellListBox->value = "M2_M1_viaB"
\a cdsLibManager->cellLineEdit->value = "M2_M1_viaB"
\a cdsLibManager->viewLineEdit->value = ""
\a cdsLibManager->viewListBox->value = nil
\a cdsLibManager->viewListBox->value = "layout"
\a cdsLibManager->viewLineEdit->value = "layout"
\a cdsLibManager->cellListBox->value = "M2_M1_via"
\a cdsLibManager->cellLineEdit->value = "M2_M1_via"
\a cdsLibManager->viewLineEdit->value = ""
\a cdsLibManager->viewListBox->value = nil
\a cdsLibManager->viewListBox->value = "layout"
\a cdsLibManager->viewLineEdit->value = "layout"
\a cdsLibManager->viewListBox->value = nil
\a cdsLibManager->viewLineEdit->value = ""
\a cdsLibManager->viewListBox->value = "layout"
\a cdsLibManager->viewLineEdit->value = "layout"
\o MPS request: edit design
\a nrListItemAction(cdsLibManager->gdmXTView 0 0)
\a nrResizeWindow(cdsLibManager list(962 36 476 1042))
\a nrSetCurrentWindow(cdsLibManager)
\a nrResizeWindow(cdsLibManager list(1282 36 636 1042))
\a cdsLibManager->cellListBox->value = "M2_M1_viaC"
\a cdsLibManager->cellLineEdit->value = "M2_M1_viaC"
\a cdsLibManager->viewLineEdit->value = ""
\a cdsLibManager->viewListBox->value = nil
\a cdsLibManager->viewListBox->value = "layout"
\a cdsLibManager->viewLineEdit->value = "layout"
\a cdsLibManager->cellListBox->value = "M3_M2_via"
\a cdsLibManager->cellLineEdit->value = "M3_M2_via"
\a cdsLibManager->viewLineEdit->value = ""
\a cdsLibManager->viewListBox->value = nil
\a cdsLibManager->viewListBox->value = "layout"
\a cdsLibManager->viewLineEdit->value = "layout"
\a cdsLibManager->cellListBox->value = "M3_M2_viaC"
\a cdsLibManager->cellLineEdit->value = "M3_M2_viaC"
\a cdsLibManager->viewLineEdit->value = ""
\a cdsLibManager->viewListBox->value = nil
\a cdsLibManager->viewListBox->value = "layout"
\a cdsLibManager->viewLineEdit->value = "layout"
\a cdsLibManager->cellListBox->value = "Sumador_BK"
\a cdsLibManager->cellLineEdit->value = "Sumador_BK"
\a cdsLibManager->viewLineEdit->value = ""
\a cdsLibManager->viewListBox->value = nil
\a cdsLibManager->viewListBox->value = "layout"
\a cdsLibManager->viewLineEdit->value = "layout"
\a cdsLibManager->cellListBox->value = "Sumador_BK_VIA0"
\a cdsLibManager->cellLineEdit->value = "Sumador_BK_VIA0"
\a cdsLibManager->viewLineEdit->value = ""
\a cdsLibManager->viewListBox->value = nil
\a cdsLibManager->viewListBox->value = "layout"
\a cdsLibManager->viewLineEdit->value = "layout"
\a cdsLibManager->viewLineEdit->value = ""
\a cdsLibManager->viewListBox->value = nil
\a lmgrLogShowPopup("mainListPopup1" 35 400 2 "Sumador_BK_VIA0")
\a cdsLibManager->editDeleteButton->value = t
\a nrSetCurrentWindow(deleteForm)
\a nrResizeWindow(deleteForm list(646 344 627 425))
\a deleteForm->OK->value = t
\o QUESTION (CLM-199): The following 1 items are marked for deletion.  Are you sure?
\a nrSetWindowVisibility(mcMBXDLG "show")
\a nrSetCurrentWindow(mcMBXDLG)
\a nrResizeWindow(mcMBXDLG list(826 511 268 91))
\a mcMBXDLG->pushButton1->value = t
\o Deleting cell "Sumador_BK_VIA0" from library "SumadorBrentKung".
\o Deleted cell 'SumadorBrentKung/Sumador_BK_VIA0'.
\a nrSetCurrentWindow(deleteForm)
\a nrSetCurrentWindow(cdsLibManager)
\o Deletion of 1 cell done.
\a nrResizeWindow(workingDialogForm list(1456 451 268 133))
\a cdsLibManager->cellLineEdit->value = ""
\a cdsLibManager->libListBox->value = nil
\a cdsLibManager->libLineEdit->value = ""
\a cdsLibManager->cellListBox->value = nil
\w Warning: The directory: '/home/al-labse15/ExamenPrimerParcial' does not exist
\w 	but was defined in libFile '/home/al-labse15/cds.lib' for Lib 'ExamenPrimerParcial'.
\a cdsLibManager->libListBox->value = "SumadorBrentKung"
\a cdsLibManager->libLineEdit->value = "SumadorBrentKung"
\a nrSetCurrentWindow(workingDialogForm)
\a nrSetCurrentWindow(cdsLibManager)
\a nrResizeWindow(workingDialogForm list(826 490 268 133))
\a nrResizeWindow(cdsLibManager list(1442 36 476 1042))
\a cdsLibManager->libListBox->value = nil
\a cdsLibManager->libLineEdit->value = ""
\w Warning: The directory: '/home/al-labse15/ExamenPrimerParcial' does not exist
\w 	but was defined in libFile '/home/al-labse15/cds.lib' for Lib 'ExamenPrimerParcial'.
\a cdsLibManager->libListBox->value = "SumadorBrentKung"
\a cdsLibManager->libLineEdit->value = "SumadorBrentKung"
\a nrResizeWindow(cdsLibManager list(1282 36 636 1042))
\a nrSetCurrentWindow(cdsLibManager)
\a cdsLibManager->cellListBox->value = "SumadorKKK"
\a cdsLibManager->cellLineEdit->value = "SumadorKKK"
\a nrSetCurrentWindow(cdsLibManager)
\a nrResizeWindow(cdsLibManager list(962 36 476 1042))
\a nrSetCurrentWindow(cdsLibManager)
\a nrResizeWindow(cdsLibManager list(1282 36 636 1042))
\a cdsLibManager->libListBox->value = "SumadorKKK"
\a cdsLibManager->libLineEdit->value = "SumadorKKK"
\a cdsLibManager->cellLineEdit->value = ""
\a cdsLibManager->cellListBox->value = nil
\a cdsLibManager->cellListBox->value = "Sumador_BK_VIA0"
\a cdsLibManager->cellLineEdit->value = "Sumador_BK_VIA0"
\a cdsLibManager->viewListBox->value = "layout"
\a cdsLibManager->viewLineEdit->value = "layout"
\a cdsLibManager->cellListBox->value = "Sumador_BK"
\a cdsLibManager->cellLineEdit->value = "Sumador_BK"
\a cdsLibManager->viewLineEdit->value = ""
\a cdsLibManager->viewListBox->value = nil
\a cdsLibManager->viewListBox->value = "layout"
\a cdsLibManager->viewLineEdit->value = "layout"
\a cdsLibManager->viewListBox->value = nil
\a cdsLibManager->viewLineEdit->value = ""
\a cdsLibManager->viewListBox->value = "layout"
\a cdsLibManager->viewLineEdit->value = "layout"
\o MPS request: edit design
\a nrListItemAction(cdsLibManager->gdmXTView 0 0)
\a nrResizeWindow(cdsLibManager list(962 36 476 1042))
\a nrSetCurrentWindow(cdsLibManager)
\a nrResizeWindow(cdsLibManager list(1282 36 636 1042))
\o MPS service: shutdown
\o libManager is exiting.
\a exit(0)
